<?xml version="1.0" encoding="UTF-8"?>
<testng-results ignored="0" total="1" passed="1" failed="0" skipped="0">
  <reporter-output>
  </reporter-output>
  <suite started-at="2019-08-21T17:13:12Z" name="Suite" finished-at="2019-08-21T17:14:00Z" duration-ms="47332">
    <groups>
    </groups>
    <test started-at="2019-08-21T17:13:12Z" name="Test" finished-at="2019-08-21T17:14:00Z" duration-ms="47332">
      <class name="Maven1.Bluestone2">
        <test-method signature="main()[pri:0, instance:Maven1.Bluestone2@258e2e41]" started-at="2019-08-21T17:13:13Z" name="main" finished-at="2019-08-21T17:14:00Z" duration-ms="47238" status="PASS">
          <reporter-output>
          </reporter-output>
        </test-method> <!-- main -->
      </class> <!-- Maven1.Bluestone2 -->
    </test> <!-- Test -->
  </suite> <!-- Suite -->
</testng-results>
